CRITICAL - 2024-05-16 17:17:56 --> ErrorException: Undefined variable $router
[Method: CLI, Route: serve]
in APPPATH\Config\Routes.php on line 13.
 1 APPPATH\Config\Routes.php(13): CodeIgniter\Debug\Exceptions->errorHandler(2, 'Undefined variable $router', 'C:\\xampp\\htdocs\\tienda_usuarios\\app\\Config\\Routes.php', 13)
 2 SYSTEMPATH\Router\RouteCollection.php(340): require('C:\\xampp\\htdocs\\tienda_usuarios\\app\\Config\\Routes.php')
 3 SYSTEMPATH\CLI\Console.php(41): CodeIgniter\Router\RouteCollection->loadRoutes()
 4 SYSTEMPATH\Boot.php(338): CodeIgniter\CLI\Console->run()
 5 SYSTEMPATH\Boot.php(104): CodeIgniter\Boot::runCommand(Object(CodeIgniter\CLI\Console))
 6 ROOTPATH\spark(84): CodeIgniter\Boot::bootSpark(Object(Config\Paths))
CRITICAL - 2024-05-16 17:19:48 --> ErrorException: Undefined variable $router
[Method: CLI, Route: serve]
in APPPATH\Config\Routes.php on line 13.
 1 APPPATH\Config\Routes.php(13): CodeIgniter\Debug\Exceptions->errorHandler(2, 'Undefined variable $router', 'C:\\xampp\\htdocs\\tienda_usuarios\\app\\Config\\Routes.php', 13)
 2 SYSTEMPATH\Router\RouteCollection.php(340): require('C:\\xampp\\htdocs\\tienda_usuarios\\app\\Config\\Routes.php')
 3 SYSTEMPATH\CLI\Console.php(41): CodeIgniter\Router\RouteCollection->loadRoutes()
 4 SYSTEMPATH\Boot.php(338): CodeIgniter\CLI\Console->run()
 5 SYSTEMPATH\Boot.php(104): CodeIgniter\Boot::runCommand(Object(CodeIgniter\CLI\Console))
 6 ROOTPATH\spark(84): CodeIgniter\Boot::bootSpark(Object(Config\Paths))
CRITICAL - 2024-05-16 17:20:56 --> ErrorException: Undefined variable $router
[Method: CLI, Route: serve]
in APPPATH\Config\Routes.php on line 13.
 1 APPPATH\Config\Routes.php(13): CodeIgniter\Debug\Exceptions->errorHandler(2, 'Undefined variable $router', 'C:\\xampp\\htdocs\\tienda_usuarios\\app\\Config\\Routes.php', 13)
 2 SYSTEMPATH\Router\RouteCollection.php(340): require('C:\\xampp\\htdocs\\tienda_usuarios\\app\\Config\\Routes.php')
 3 SYSTEMPATH\CLI\Console.php(41): CodeIgniter\Router\RouteCollection->loadRoutes()
 4 SYSTEMPATH\Boot.php(338): CodeIgniter\CLI\Console->run()
 5 SYSTEMPATH\Boot.php(104): CodeIgniter\Boot::runCommand(Object(CodeIgniter\CLI\Console))
 6 ROOTPATH\spark(84): CodeIgniter\Boot::bootSpark(Object(Config\Paths))
CRITICAL - 2024-05-16 17:21:18 --> ErrorException: Undefined variable $router
[Method: CLI, Route: serve]
in APPPATH\Config\Routes.php on line 13.
 1 APPPATH\Config\Routes.php(13): CodeIgniter\Debug\Exceptions->errorHandler(2, 'Undefined variable $router', 'C:\\xampp\\htdocs\\tienda_usuarios\\app\\Config\\Routes.php', 13)
 2 SYSTEMPATH\Router\RouteCollection.php(340): require('C:\\xampp\\htdocs\\tienda_usuarios\\app\\Config\\Routes.php')
 3 SYSTEMPATH\CLI\Console.php(41): CodeIgniter\Router\RouteCollection->loadRoutes()
 4 SYSTEMPATH\Boot.php(338): CodeIgniter\CLI\Console->run()
 5 SYSTEMPATH\Boot.php(104): CodeIgniter\Boot::runCommand(Object(CodeIgniter\CLI\Console))
 6 ROOTPATH\spark(84): CodeIgniter\Boot::bootSpark(Object(Config\Paths))
CRITICAL - 2024-05-16 17:22:09 --> ErrorException: Undefined variable $router
[Method: CLI, Route: serve]
in APPPATH\Config\Routes.php on line 13.
 1 APPPATH\Config\Routes.php(13): CodeIgniter\Debug\Exceptions->errorHandler(2, 'Undefined variable $router', 'C:\\xampp\\htdocs\\tienda_usuarios\\app\\Config\\Routes.php', 13)
 2 SYSTEMPATH\Router\RouteCollection.php(340): require('C:\\xampp\\htdocs\\tienda_usuarios\\app\\Config\\Routes.php')
 3 SYSTEMPATH\CLI\Console.php(41): CodeIgniter\Router\RouteCollection->loadRoutes()
 4 SYSTEMPATH\Boot.php(338): CodeIgniter\CLI\Console->run()
 5 SYSTEMPATH\Boot.php(104): CodeIgniter\Boot::runCommand(Object(CodeIgniter\CLI\Console))
 6 ROOTPATH\spark(84): CodeIgniter\Boot::bootSpark(Object(Config\Paths))
CRITICAL - 2024-05-16 17:22:59 --> ErrorException: Undefined variable $router
[Method: CLI, Route: serve]
in APPPATH\Config\Routes.php on line 13.
 1 APPPATH\Config\Routes.php(13): CodeIgniter\Debug\Exceptions->errorHandler(2, 'Undefined variable $router', 'C:\\xampp\\htdocs\\tienda_usuarios\\app\\Config\\Routes.php', 13)
 2 SYSTEMPATH\Router\RouteCollection.php(340): require('C:\\xampp\\htdocs\\tienda_usuarios\\app\\Config\\Routes.php')
 3 SYSTEMPATH\CLI\Console.php(41): CodeIgniter\Router\RouteCollection->loadRoutes()
 4 SYSTEMPATH\Boot.php(338): CodeIgniter\CLI\Console->run()
 5 SYSTEMPATH\Boot.php(104): CodeIgniter\Boot::runCommand(Object(CodeIgniter\CLI\Console))
 6 ROOTPATH\spark(84): CodeIgniter\Boot::bootSpark(Object(Config\Paths))
CRITICAL - 2024-05-16 17:24:01 --> ErrorException: Undefined variable $router
[Method: CLI, Route: serve]
in APPPATH\Config\Routes.php on line 13.
 1 APPPATH\Config\Routes.php(13): CodeIgniter\Debug\Exceptions->errorHandler(2, 'Undefined variable $router', 'C:\\xampp\\htdocs\\tienda_usuarios\\app\\Config\\Routes.php', 13)
 2 SYSTEMPATH\Router\RouteCollection.php(340): require('C:\\xampp\\htdocs\\tienda_usuarios\\app\\Config\\Routes.php')
 3 SYSTEMPATH\CLI\Console.php(41): CodeIgniter\Router\RouteCollection->loadRoutes()
 4 SYSTEMPATH\Boot.php(338): CodeIgniter\CLI\Console->run()
 5 SYSTEMPATH\Boot.php(104): CodeIgniter\Boot::runCommand(Object(CodeIgniter\CLI\Console))
 6 ROOTPATH\spark(84): CodeIgniter\Boot::bootSpark(Object(Config\Paths))
CRITICAL - 2024-05-16 17:27:52 --> ErrorException: Undefined variable $router
[Method: GET, Route: usuarios]
in APPPATH\Config\Routes.php on line 13.
 1 APPPATH\Config\Routes.php(13): CodeIgniter\Debug\Exceptions->errorHandler(2, 'Undefined variable $router', 'C:\\xampp\\htdocs\\tienda_usuarios\\app\\Config\\Routes.php', 13)
 2 SYSTEMPATH\Router\RouteCollection.php(340): require('C:\\xampp\\htdocs\\tienda_usuarios\\app\\Config\\Routes.php')
 3 SYSTEMPATH\CodeIgniter.php(823): CodeIgniter\Router\RouteCollection->loadRoutes()
 4 SYSTEMPATH\CodeIgniter.php(457): CodeIgniter\CodeIgniter->tryToRouteIt(null)
 5 SYSTEMPATH\CodeIgniter.php(355): CodeIgniter\CodeIgniter->handleRequest(null, Object(Config\Cache), false)
 6 SYSTEMPATH\Boot.php(312): CodeIgniter\CodeIgniter->run()
 7 SYSTEMPATH\Boot.php(67): CodeIgniter\Boot::runCodeIgniter(Object(CodeIgniter\CodeIgniter))
 8 FCPATH\index.php(56): CodeIgniter\Boot::bootWeb(Object(Config\Paths))
 9 SYSTEMPATH\Commands\Server\rewrite.php(49): require_once('C:\\xampp\\htdocs\\tienda_usuarios\\public\\index.php')
CRITICAL - 2024-05-16 17:28:17 --> ErrorException: Undefined variable $router
[Method: GET, Route: usuarios/]
in APPPATH\Config\Routes.php on line 13.
 1 APPPATH\Config\Routes.php(13): CodeIgniter\Debug\Exceptions->errorHandler(2, 'Undefined variable $router', 'C:\\xampp\\htdocs\\tienda_usuarios\\app\\Config\\Routes.php', 13)
 2 SYSTEMPATH\Router\RouteCollection.php(340): require('C:\\xampp\\htdocs\\tienda_usuarios\\app\\Config\\Routes.php')
 3 SYSTEMPATH\CodeIgniter.php(823): CodeIgniter\Router\RouteCollection->loadRoutes()
 4 SYSTEMPATH\CodeIgniter.php(457): CodeIgniter\CodeIgniter->tryToRouteIt(null)
 5 SYSTEMPATH\CodeIgniter.php(355): CodeIgniter\CodeIgniter->handleRequest(null, Object(Config\Cache), false)
 6 SYSTEMPATH\Boot.php(312): CodeIgniter\CodeIgniter->run()
 7 SYSTEMPATH\Boot.php(67): CodeIgniter\Boot::runCodeIgniter(Object(CodeIgniter\CodeIgniter))
 8 FCPATH\index.php(56): CodeIgniter\Boot::bootWeb(Object(Config\Paths))
 9 SYSTEMPATH\Commands\Server\rewrite.php(49): require_once('C:\\xampp\\htdocs\\tienda_usuarios\\public\\index.php')
CRITICAL - 2024-05-16 17:28:25 --> ErrorException: Undefined variable $router
[Method: GET, Route: usuarios]
in APPPATH\Config\Routes.php on line 13.
 1 APPPATH\Config\Routes.php(13): CodeIgniter\Debug\Exceptions->errorHandler(2, 'Undefined variable $router', 'C:\\xampp\\htdocs\\tienda_usuarios\\app\\Config\\Routes.php', 13)
 2 SYSTEMPATH\Router\RouteCollection.php(340): require('C:\\xampp\\htdocs\\tienda_usuarios\\app\\Config\\Routes.php')
 3 SYSTEMPATH\CodeIgniter.php(823): CodeIgniter\Router\RouteCollection->loadRoutes()
 4 SYSTEMPATH\CodeIgniter.php(457): CodeIgniter\CodeIgniter->tryToRouteIt(null)
 5 SYSTEMPATH\CodeIgniter.php(355): CodeIgniter\CodeIgniter->handleRequest(null, Object(Config\Cache), false)
 6 SYSTEMPATH\Boot.php(312): CodeIgniter\CodeIgniter->run()
 7 SYSTEMPATH\Boot.php(67): CodeIgniter\Boot::runCodeIgniter(Object(CodeIgniter\CodeIgniter))
 8 FCPATH\index.php(56): CodeIgniter\Boot::bootWeb(Object(Config\Paths))
 9 SYSTEMPATH\Commands\Server\rewrite.php(49): require_once('C:\\xampp\\htdocs\\tienda_usuarios\\public\\index.php')
CRITICAL - 2024-05-16 17:29:17 --> ErrorException: Undefined variable $router
[Method: GET, Route: usuarios]
in APPPATH\Config\Routes.php on line 13.
 1 APPPATH\Config\Routes.php(13): CodeIgniter\Debug\Exceptions->errorHandler(2, 'Undefined variable $router', 'C:\\xampp\\htdocs\\tienda_usuarios\\app\\Config\\Routes.php', 13)
 2 SYSTEMPATH\Router\RouteCollection.php(340): require('C:\\xampp\\htdocs\\tienda_usuarios\\app\\Config\\Routes.php')
 3 SYSTEMPATH\CodeIgniter.php(823): CodeIgniter\Router\RouteCollection->loadRoutes()
 4 SYSTEMPATH\CodeIgniter.php(457): CodeIgniter\CodeIgniter->tryToRouteIt(null)
 5 SYSTEMPATH\CodeIgniter.php(355): CodeIgniter\CodeIgniter->handleRequest(null, Object(Config\Cache), false)
 6 SYSTEMPATH\Boot.php(312): CodeIgniter\CodeIgniter->run()
 7 SYSTEMPATH\Boot.php(67): CodeIgniter\Boot::runCodeIgniter(Object(CodeIgniter\CodeIgniter))
 8 FCPATH\index.php(56): CodeIgniter\Boot::bootWeb(Object(Config\Paths))
 9 SYSTEMPATH\Commands\Server\rewrite.php(49): require_once('C:\\xampp\\htdocs\\tienda_usuarios\\public\\index.php')
CRITICAL - 2024-05-16 17:30:16 --> ErrorException: Undefined variable $router
[Method: GET, Route: /]
in APPPATH\Config\Routes.php on line 13.
 1 APPPATH\Config\Routes.php(13): CodeIgniter\Debug\Exceptions->errorHandler(2, 'Undefined variable $router', 'C:\\xampp\\htdocs\\tienda_usuarios\\app\\Config\\Routes.php', 13)
 2 SYSTEMPATH\Router\RouteCollection.php(340): require('C:\\xampp\\htdocs\\tienda_usuarios\\app\\Config\\Routes.php')
 3 SYSTEMPATH\CodeIgniter.php(823): CodeIgniter\Router\RouteCollection->loadRoutes()
 4 SYSTEMPATH\CodeIgniter.php(457): CodeIgniter\CodeIgniter->tryToRouteIt(null)
 5 SYSTEMPATH\CodeIgniter.php(355): CodeIgniter\CodeIgniter->handleRequest(null, Object(Config\Cache), false)
 6 SYSTEMPATH\Boot.php(312): CodeIgniter\CodeIgniter->run()
 7 SYSTEMPATH\Boot.php(67): CodeIgniter\Boot::runCodeIgniter(Object(CodeIgniter\CodeIgniter))
 8 FCPATH\index.php(56): CodeIgniter\Boot::bootWeb(Object(Config\Paths))
 9 SYSTEMPATH\Commands\Server\rewrite.php(49): require_once('C:\\xampp\\htdocs\\tienda_usuarios\\public\\index.php')
CRITICAL - 2024-05-16 17:30:24 --> ErrorException: Undefined variable $router
[Method: GET, Route: searchById/1]
in APPPATH\Config\Routes.php on line 13.
 1 APPPATH\Config\Routes.php(13): CodeIgniter\Debug\Exceptions->errorHandler(2, 'Undefined variable $router', 'C:\\xampp\\htdocs\\tienda_usuarios\\app\\Config\\Routes.php', 13)
 2 SYSTEMPATH\Router\RouteCollection.php(340): require('C:\\xampp\\htdocs\\tienda_usuarios\\app\\Config\\Routes.php')
 3 SYSTEMPATH\CodeIgniter.php(823): CodeIgniter\Router\RouteCollection->loadRoutes()
 4 SYSTEMPATH\CodeIgniter.php(457): CodeIgniter\CodeIgniter->tryToRouteIt(null)
 5 SYSTEMPATH\CodeIgniter.php(355): CodeIgniter\CodeIgniter->handleRequest(null, Object(Config\Cache), false)
 6 SYSTEMPATH\Boot.php(312): CodeIgniter\CodeIgniter->run()
 7 SYSTEMPATH\Boot.php(67): CodeIgniter\Boot::runCodeIgniter(Object(CodeIgniter\CodeIgniter))
 8 FCPATH\index.php(56): CodeIgniter\Boot::bootWeb(Object(Config\Paths))
 9 SYSTEMPATH\Commands\Server\rewrite.php(49): require_once('C:\\xampp\\htdocs\\tienda_usuarios\\public\\index.php')
CRITICAL - 2024-05-16 17:44:31 --> ErrorException: Undefined variable $router
[Method: GET, Route: getUsuariosNameLetter/O]
in APPPATH\Config\Routes.php on line 13.
 1 APPPATH\Config\Routes.php(13): CodeIgniter\Debug\Exceptions->errorHandler(2, 'Undefined variable $router', 'C:\\xampp\\htdocs\\tienda_usuarios\\app\\Config\\Routes.php', 13)
 2 SYSTEMPATH\Router\RouteCollection.php(340): require('C:\\xampp\\htdocs\\tienda_usuarios\\app\\Config\\Routes.php')
 3 SYSTEMPATH\CodeIgniter.php(823): CodeIgniter\Router\RouteCollection->loadRoutes()
 4 SYSTEMPATH\CodeIgniter.php(457): CodeIgniter\CodeIgniter->tryToRouteIt(null)
 5 SYSTEMPATH\CodeIgniter.php(355): CodeIgniter\CodeIgniter->handleRequest(null, Object(Config\Cache), false)
 6 SYSTEMPATH\Boot.php(312): CodeIgniter\CodeIgniter->run()
 7 SYSTEMPATH\Boot.php(67): CodeIgniter\Boot::runCodeIgniter(Object(CodeIgniter\CodeIgniter))
 8 FCPATH\index.php(56): CodeIgniter\Boot::bootWeb(Object(Config\Paths))
 9 SYSTEMPATH\Commands\Server\rewrite.php(49): require_once('C:\\xampp\\htdocs\\tienda_usuarios\\public\\index.php')
